# JRE version: OpenJDK Runtime Environment (11.0.15) (build 11.0.15+0-b2043.56-9505619)
# Java VM: OpenJDK 64-Bit Server VM (11.0.15+0-b2043.56-9505619, mixed mode, tiered, compressed oops, g1 gc, windows-amd64)
Heap:
 garbage-first heap   total 393216K, used 271044K [0x0000000080000000, 0x0000000100000000)
  region size 1024K, 43 young (44032K), 6 survivors (6144K)
 Metaspace       used 157315K, capacity 163123K, committed 164348K, reserved 1191936K
  class space    used 18887K, capacity 20968K, committed 21220K, reserved 1048576K
GC Heap History (20 events):
Event: 4870.350 GC heap before
{Heap before GC invocations=203 (full 0):
 garbage-first heap   total 393216K, used 230626K [0x0000000080000000, 0x0000000100000000)
  region size 1024K, 26 young (26624K), 8 survivors (8192K)
 Metaspace       used 157699K, capacity 163760K, committed 163836K, reserved 1191936K
  class space    used 19001K, capacity 21163K, committed 21220K, reserved 1048576K
}
Event: 4870.359 GC heap after
{Heap after GC invocations=204 (full 0):
 garbage-first heap   total 393216K, used 212842K [0x0000000080000000, 0x0000000100000000)
  region size 1024K, 2 young (2048K), 2 survivors (2048K)
 Metaspace       used 157699K, capacity 163760K, committed 163836K, reserved 1191936K
  class space    used 19001K, capacity 21163K, committed 21220K, reserved 1048576K
}
Event: 5144.926 GC heap before
{Heap before GC invocations=205 (full 0):
 garbage-first heap   total 393216K, used 319338K [0x0000000080000000, 0x0000000100000000)
  region size 1024K, 87 young (89088K), 2 survivors (2048K)
 Metaspace       used 157757K, capacity 163888K, committed 164092K, reserved 1191936K
  class space    used 19001K, capacity 21163K, committed 21220K, reserved 1048576K
}
Event: 5145.004 GC heap after
{Heap after GC invocations=206 (full 0):
 garbage-first heap   total 393216K, used 236507K [0x0000000080000000, 0x0000000100000000)
  region size 1024K, 11 young (11264K), 11 survivors (11264K)
 Metaspace       used 157757K, capacity 163888K, committed 164092K, reserved 1191936K
  class space    used 19001K, capacity 21163K, committed 21220K, reserved 1048576K
}
Event: 5145.159 GC heap before
{Heap before GC invocations=206 (full 0):
 garbage-first heap   total 393216K, used 249819K [0x0000000080000000, 0x0000000100000000)
  region size 1024K, 19 young (19456K), 11 survivors (11264K)
 Metaspace       used 157757K, capacity 163888K, committed 164092K, reserved 1191936K
  class space    used 19001K, capacity 21163K, committed 21220K, reserved 1048576K
}
Event: 5145.206 GC heap after
{Heap after GC invocations=207 (full 0):
 garbage-first heap   total 393216K, used 236725K [0x0000000080000000, 0x0000000100000000)
  region size 1024K, 3 young (3072K), 3 survivors (3072K)
 Metaspace       used 157757K, capacity 163888K, committed 164092K, reserved 1191936K
  class space    used 19001K, capacity 21163K, committed 21220K, reserved 1048576K
}
Event: 5145.354 GC heap before
{Heap before GC invocations=207 (full 0):
 garbage-first heap   total 393216K, used 266421K [0x0000000080000000, 0x0000000100000000)
  region size 1024K, 33 young (33792K), 3 survivors (3072K)
 Metaspace       used 157758K, capacity 163888K, committed 164092K, reserved 1191936K
  class space    used 19001K, capacity 21163K, committed 21220K, reserved 1048576K
}
Event: 5145.370 GC heap after
{Heap after GC invocations=208 (full 0):
 garbage-first heap   total 393216K, used 242705K [0x0000000080000000, 0x0000000100000000)
  region size 1024K, 9 young (9216K), 9 survivors (9216K)
 Metaspace       used 157758K, capacity 163888K, committed 164092K, reserved 1191936K
  class space    used 19001K, capacity 21163K, committed 21220K, reserved 1048576K
}
Event: 5146.366 GC heap before
{Heap before GC invocations=209 (full 0):
 garbage-first heap   total 393216K, used 325649K [0x0000000080000000, 0x0000000100000000)
  region size 1024K, 75 young (76800K), 9 survivors (9216K)
 Metaspace       used 157811K, capacity 163953K, committed 164092K, reserved 1191936K
  class space    used 19001K, capacity 21163K, committed 21220K, reserved 1048576K
}
Event: 5146.373 GC heap after
{Heap after GC invocations=210 (full 0):
 garbage-first heap   total 393216K, used 238442K [0x0000000080000000, 0x0000000100000000)
  region size 1024K, 2 young (2048K), 2 survivors (2048K)
 Metaspace       used 157811K, capacity 163953K, committed 164092K, reserved 1191936K
  class space    used 19001K, capacity 21163K, committed 21220K, reserved 1048576K
}
Event: 5150.707 GC heap before
{Heap before GC invocations=210 (full 0):
 garbage-first heap   total 393216K, used 255850K [0x0000000080000000, 0x0000000100000000)
  region size 1024K, 19 young (19456K), 2 survivors (2048K)
 Metaspace       used 157818K, capacity 163953K, committed 164092K, reserved 1191936K
  class space    used 19001K, capacity 21163K, committed 21220K, reserved 1048576K
}
Event: 5150.712 GC heap after
{Heap after GC invocations=211 (full 0):
 garbage-first heap   total 393216K, used 232405K [0x0000000080000000, 0x0000000100000000)
  region size 1024K, 3 young (3072K), 3 survivors (3072K)
 Metaspace       used 157818K, capacity 163953K, committed 164092K, reserved 1191936K
  class space    used 19001K, capacity 21163K, committed 21220K, reserved 1048576K
}
Event: 5151.200 GC heap before
{Heap before GC invocations=211 (full 0):
 garbage-first heap   total 393216K, used 263125K [0x0000000080000000, 0x0000000100000000)
  region size 1024K, 34 young (34816K), 3 survivors (3072K)
 Metaspace       used 157825K, capacity 163955K, committed 164092K, reserved 1191936K
  class space    used 19001K, capacity 21163K, committed 21220K, reserved 1048576K
}
Event: 5151.206 GC heap after
{Heap after GC invocations=212 (full 0):
 garbage-first heap   total 393216K, used 234684K [0x0000000080000000, 0x0000000100000000)
  region size 1024K, 6 young (6144K), 6 survivors (6144K)
 Metaspace       used 157825K, capacity 163955K, committed 164092K, reserved 1191936K
  class space    used 19001K, capacity 21163K, committed 21220K, reserved 1048576K
}
Event: 5152.837 GC heap before
{Heap before GC invocations=213 (full 0):
 garbage-first heap   total 393216K, used 287932K [0x0000000080000000, 0x0000000100000000)
  region size 1024K, 68 young (69632K), 6 survivors (6144K)
 Metaspace       used 157883K, capacity 164085K, committed 164348K, reserved 1191936K
  class space    used 19001K, capacity 21163K, committed 21220K, reserved 1048576K
}
Event: 5152.842 GC heap after
{Heap after GC invocations=214 (full 0):
 garbage-first heap   total 393216K, used 224020K [0x0000000080000000, 0x0000000100000000)
  region size 1024K, 4 young (4096K), 4 survivors (4096K)
 Metaspace       used 157883K, capacity 164085K, committed 164348K, reserved 1191936K
  class space    used 19001K, capacity 21163K, committed 21220K, reserved 1048576K
}
Event: 5460.282 GC heap before
{Heap before GC invocations=214 (full 0):
 garbage-first heap   total 393216K, used 253716K [0x0000000080000000, 0x0000000100000000)
  region size 1024K, 19 young (19456K), 4 survivors (4096K)
 Metaspace       used 157889K, capacity 164085K, committed 164348K, reserved 1191936K
  class space    used 19001K, capacity 21163K, committed 21220K, reserved 1048576K
}
Event: 5460.365 GC heap after
{Heap after GC invocations=215 (full 0):
 garbage-first heap   total 393216K, used 210946K [0x0000000080000000, 0x0000000100000000)
  region size 1024K, 1 young (1024K), 1 survivors (1024K)
 Metaspace       used 157889K, capacity 164085K, committed 164348K, reserved 1191936K
  class space    used 19001K, capacity 21163K, committed 21220K, reserved 1048576K
}
Event: 5926.758 GC heap before
{Heap before GC invocations=215 (full 0):
 garbage-first heap   total 393216K, used 259074K [0x0000000080000000, 0x0000000100000000)
  region size 1024K, 50 young (51200K), 1 survivors (1024K)
 Metaspace       used 157933K, capacity 164087K, committed 164348K, reserved 1191936K
  class space    used 19001K, capacity 21163K, committed 21220K, reserved 1048576K
}
Event: 5926.909 GC heap after
{Heap after GC invocations=216 (full 0):
 garbage-first heap   total 393216K, used 215748K [0x0000000080000000, 0x0000000100000000)
  region size 1024K, 6 young (6144K), 6 survivors (6144K)
 Metaspace       used 157933K, capacity 164087K, committed 164348K, reserved 1191936K
  class space    used 19001K, capacity 21163K, committed 21220K, reserved 1048576K
}

